mode: set
github.com/pbsladek/k8s-secret-manifest/main.go:10.13,11.38 1 0
github.com/pbsladek/k8s-secret-manifest/main.go:11.38,14.3 2 0
github.com/pbsladek/k8s-secret-manifest/internal/manifest/secret.go:13.55,26.2 1 1
github.com/pbsladek/k8s-secret-manifest/internal/manifest/secret.go:30.61,31.19 1 1
github.com/pbsladek/k8s-secret-manifest/internal/manifest/secret.go:31.19,33.3 1 1
github.com/pbsladek/k8s-secret-manifest/internal/manifest/secret.go:34.2,34.33 1 1
github.com/pbsladek/k8s-secret-manifest/internal/manifest/secret.go:39.66,41.9 2 1
github.com/pbsladek/k8s-secret-manifest/internal/manifest/secret.go:41.9,43.3 1 1
github.com/pbsladek/k8s-secret-manifest/internal/manifest/secret.go:44.2,44.25 1 1
github.com/pbsladek/k8s-secret-manifest/internal/manifest/secret.go:50.47,52.16 2 1
github.com/pbsladek/k8s-secret-manifest/internal/manifest/secret.go:52.16,54.3 1 0
github.com/pbsladek/k8s-secret-manifest/internal/manifest/secret.go:55.2,55.17 1 1
github.com/pbsladek/k8s-secret-manifest/internal/manifest/secret.go:60.52,62.49 2 1
github.com/pbsladek/k8s-secret-manifest/internal/manifest/secret.go:62.49,64.3 1 0
github.com/pbsladek/k8s-secret-manifest/internal/manifest/secret.go:65.2,65.48 1 1
github.com/pbsladek/k8s-secret-manifest/internal/manifest/secret.go:65.48,67.3 1 1
github.com/pbsladek/k8s-secret-manifest/internal/manifest/secret.go:68.2,68.19 1 1
github.com/pbsladek/k8s-secret-manifest/internal/manifest/secret.go:68.19,70.3 1 1
github.com/pbsladek/k8s-secret-manifest/internal/manifest/secret.go:71.2,71.16 1 1
github.com/pbsladek/k8s-secret-manifest/internal/manifest/secret.go:75.52,77.16 2 1
github.com/pbsladek/k8s-secret-manifest/internal/manifest/secret.go:77.16,79.3 1 1
github.com/pbsladek/k8s-secret-manifest/internal/manifest/secret.go:80.2,80.23 1 1
github.com/pbsladek/k8s-secret-manifest/internal/entrylist/entrylist.go:29.61,33.30 3 1
github.com/pbsladek/k8s-secret-manifest/internal/entrylist/entrylist.go:33.30,38.3 1 1
github.com/pbsladek/k8s-secret-manifest/internal/entrylist/entrylist.go:40.2,41.22 2 1
github.com/pbsladek/k8s-secret-manifest/internal/entrylist/entrylist.go:41.22,42.20 1 1
github.com/pbsladek/k8s-secret-manifest/internal/entrylist/entrylist.go:42.20,44.4 1 0
github.com/pbsladek/k8s-secret-manifest/internal/entrylist/entrylist.go:45.3,45.53 1 1
github.com/pbsladek/k8s-secret-manifest/internal/entrylist/entrylist.go:47.2,47.21 1 1
github.com/pbsladek/k8s-secret-manifest/internal/entrylist/entrylist.go:53.73,56.28 3 1
github.com/pbsladek/k8s-secret-manifest/internal/entrylist/entrylist.go:56.28,59.3 2 1
github.com/pbsladek/k8s-secret-manifest/internal/entrylist/entrylist.go:60.2,60.59 1 1
github.com/pbsladek/k8s-secret-manifest/internal/entrylist/entrylist.go:64.63,65.15 1 1
github.com/pbsladek/k8s-secret-manifest/internal/entrylist/entrylist.go:65.15,67.3 1 1
github.com/pbsladek/k8s-secret-manifest/internal/entrylist/entrylist.go:68.2,68.28 1 1
github.com/pbsladek/k8s-secret-manifest/internal/entrylist/entrylist.go:68.28,69.19 1 1
github.com/pbsladek/k8s-secret-manifest/internal/entrylist/entrylist.go:69.19,71.4 1 1
github.com/pbsladek/k8s-secret-manifest/internal/entrylist/entrylist.go:73.2,73.60 1 1
github.com/pbsladek/k8s-secret-manifest/internal/entrylist/entrylist.go:78.59,81.28 3 1
github.com/pbsladek/k8s-secret-manifest/internal/entrylist/entrylist.go:81.28,82.19 1 1
github.com/pbsladek/k8s-secret-manifest/internal/entrylist/entrylist.go:82.19,84.12 2 1
github.com/pbsladek/k8s-secret-manifest/internal/entrylist/entrylist.go:86.3,86.29 1 1
github.com/pbsladek/k8s-secret-manifest/internal/entrylist/entrylist.go:88.2,88.12 1 1
github.com/pbsladek/k8s-secret-manifest/internal/entrylist/entrylist.go:88.12,90.3 1 1
github.com/pbsladek/k8s-secret-manifest/internal/entrylist/entrylist.go:91.2,91.20 1 1
github.com/pbsladek/k8s-secret-manifest/internal/entrylist/entrylist.go:96.68,99.28 3 1
github.com/pbsladek/k8s-secret-manifest/internal/entrylist/entrylist.go:99.28,100.33 1 1
github.com/pbsladek/k8s-secret-manifest/internal/entrylist/entrylist.go:100.33,102.12 2 1
github.com/pbsladek/k8s-secret-manifest/internal/entrylist/entrylist.go:104.3,104.29 1 1
github.com/pbsladek/k8s-secret-manifest/internal/entrylist/entrylist.go:106.2,106.12 1 1
github.com/pbsladek/k8s-secret-manifest/internal/entrylist/entrylist.go:106.12,108.3 1 1
github.com/pbsladek/k8s-secret-manifest/internal/entrylist/entrylist.go:109.2,109.20 1 1
github.com/pbsladek/k8s-secret-manifest/internal/entrylist/entrylist.go:115.75,116.15 1 1
github.com/pbsladek/k8s-secret-manifest/internal/entrylist/entrylist.go:116.15,118.3 1 1
github.com/pbsladek/k8s-secret-manifest/internal/entrylist/entrylist.go:119.2,119.35 1 1
github.com/pbsladek/k8s-secret-manifest/internal/entrylist/entrylist.go:119.35,121.3 1 1
github.com/pbsladek/k8s-secret-manifest/internal/entrylist/entrylist.go:122.2,122.28 1 1
github.com/pbsladek/k8s-secret-manifest/internal/entrylist/entrylist.go:122.28,123.19 1 1
github.com/pbsladek/k8s-secret-manifest/internal/entrylist/entrylist.go:123.19,125.4 1 1
github.com/pbsladek/k8s-secret-manifest/internal/entrylist/entrylist.go:127.2,131.20 5 1
github.com/pbsladek/k8s-secret-manifest/internal/entrylist/entrylist.go:135.37,137.28 2 1
github.com/pbsladek/k8s-secret-manifest/internal/entrylist/entrylist.go:137.28,139.3 1 1
github.com/pbsladek/k8s-secret-manifest/internal/entrylist/entrylist.go:140.2,140.13 1 1
github.com/pbsladek/k8s-secret-manifest/internal/entrylist/entrylist.go:144.43,145.32 1 1
github.com/pbsladek/k8s-secret-manifest/internal/entrylist/entrylist.go:145.32,147.3 1 1
github.com/pbsladek/k8s-secret-manifest/internal/entrylist/entrylist.go:148.2,150.26 3 1
github.com/pbsladek/k8s-secret-manifest/internal/entrylist/entrylist.go:150.26,151.53 1 1
github.com/pbsladek/k8s-secret-manifest/internal/entrylist/entrylist.go:151.53,153.4 1 1
github.com/pbsladek/k8s-secret-manifest/internal/entrylist/entrylist.go:155.2,155.15 1 1
github.com/pbsladek/k8s-secret-manifest/cmd/add_user.go:39.13,63.2 13 1
github.com/pbsladek/k8s-secret-manifest/cmd/add_user.go:65.56,75.22 9 0
github.com/pbsladek/k8s-secret-manifest/cmd/add_user.go:75.22,77.3 1 0
github.com/pbsladek/k8s-secret-manifest/cmd/add_user.go:79.2,80.16 2 0
github.com/pbsladek/k8s-secret-manifest/cmd/add_user.go:80.16,82.3 1 0
github.com/pbsladek/k8s-secret-manifest/cmd/add_user.go:84.2,85.16 2 0
github.com/pbsladek/k8s-secret-manifest/cmd/add_user.go:85.16,87.3 1 0
github.com/pbsladek/k8s-secret-manifest/cmd/add_user.go:89.2,89.14 1 0
github.com/pbsladek/k8s-secret-manifest/cmd/add_user.go:89.14,91.3 1 0
github.com/pbsladek/k8s-secret-manifest/cmd/add_user.go:91.8,93.3 1 0
github.com/pbsladek/k8s-secret-manifest/cmd/add_user.go:94.2,94.16 1 0
github.com/pbsladek/k8s-secret-manifest/cmd/add_user.go:94.16,96.3 1 0
github.com/pbsladek/k8s-secret-manifest/cmd/add_user.go:98.2,100.53 2 0
github.com/pbsladek/k8s-secret-manifest/cmd/add_user.go:100.53,102.3 1 0
github.com/pbsladek/k8s-secret-manifest/cmd/add_user.go:104.2,105.12 2 0
github.com/pbsladek/k8s-secret-manifest/cmd/add_user.go:110.99,114.40 3 0
github.com/pbsladek/k8s-secret-manifest/cmd/add_user.go:114.40,116.3 1 0
github.com/pbsladek/k8s-secret-manifest/cmd/add_user.go:118.2,118.51 1 0
github.com/pbsladek/k8s-secret-manifest/cmd/add_user.go:122.100,126.2 3 0
github.com/pbsladek/k8s-secret-manifest/cmd/add_user.go:129.57,131.16 2 0
github.com/pbsladek/k8s-secret-manifest/cmd/add_user.go:131.16,133.3 1 0
github.com/pbsladek/k8s-secret-manifest/cmd/add_user.go:134.2,134.32 1 0
github.com/pbsladek/k8s-secret-manifest/cmd/diff.go:30.13,38.2 5 1
github.com/pbsladek/k8s-secret-manifest/cmd/diff.go:40.52,46.16 5 0
github.com/pbsladek/k8s-secret-manifest/cmd/diff.go:46.16,48.3 1 0
github.com/pbsladek/k8s-secret-manifest/cmd/diff.go:49.2,50.16 2 0
github.com/pbsladek/k8s-secret-manifest/cmd/diff.go:50.16,52.3 1 0
github.com/pbsladek/k8s-secret-manifest/cmd/diff.go:54.2,56.31 2 0
github.com/pbsladek/k8s-secret-manifest/cmd/diff.go:56.31,57.12 1 0
github.com/pbsladek/k8s-secret-manifest/cmd/diff.go:57.12,59.4 1 0
github.com/pbsladek/k8s-secret-manifest/cmd/diff.go:60.3,60.11 1 0
github.com/pbsladek/k8s-secret-manifest/cmd/diff.go:62.2,62.33 1 0
github.com/pbsladek/k8s-secret-manifest/cmd/diff.go:62.33,63.12 1 0
github.com/pbsladek/k8s-secret-manifest/cmd/diff.go:63.12,65.4 1 0
github.com/pbsladek/k8s-secret-manifest/cmd/diff.go:66.3,66.11 1 0
github.com/pbsladek/k8s-secret-manifest/cmd/diff.go:68.2,68.34 1 0
github.com/pbsladek/k8s-secret-manifest/cmd/diff.go:68.34,69.12 1 0
github.com/pbsladek/k8s-secret-manifest/cmd/diff.go:69.12,71.4 1 0
github.com/pbsladek/k8s-secret-manifest/cmd/diff.go:72.3,72.11 1 0
github.com/pbsladek/k8s-secret-manifest/cmd/diff.go:76.2,80.22 3 0
github.com/pbsladek/k8s-secret-manifest/cmd/diff.go:80.22,82.3 1 0
github.com/pbsladek/k8s-secret-manifest/cmd/diff.go:83.2,83.32 1 0
github.com/pbsladek/k8s-secret-manifest/cmd/diff.go:83.32,85.3 1 0
github.com/pbsladek/k8s-secret-manifest/cmd/diff.go:86.2,86.22 1 0
github.com/pbsladek/k8s-secret-manifest/cmd/diff.go:86.22,88.3 1 0
github.com/pbsladek/k8s-secret-manifest/cmd/diff.go:91.2,92.24 2 0
github.com/pbsladek/k8s-secret-manifest/cmd/diff.go:92.24,94.3 1 0
github.com/pbsladek/k8s-secret-manifest/cmd/diff.go:95.2,95.24 1 0
github.com/pbsladek/k8s-secret-manifest/cmd/diff.go:95.24,97.3 1 0
github.com/pbsladek/k8s-secret-manifest/cmd/diff.go:98.2,99.24 2 0
github.com/pbsladek/k8s-secret-manifest/cmd/diff.go:99.24,101.3 1 0
github.com/pbsladek/k8s-secret-manifest/cmd/diff.go:102.2,106.25 3 0
github.com/pbsladek/k8s-secret-manifest/cmd/diff.go:106.25,113.10 5 0
github.com/pbsladek/k8s-secret-manifest/cmd/diff.go:114.20,116.13 2 0
github.com/pbsladek/k8s-secret-manifest/cmd/diff.go:117.20,119.13 2 0
github.com/pbsladek/k8s-secret-manifest/cmd/diff.go:120.21,123.13 3 0
github.com/pbsladek/k8s-secret-manifest/cmd/diff.go:124.11,125.21 1 0
github.com/pbsladek/k8s-secret-manifest/cmd/diff.go:125.21,127.5 1 0
github.com/pbsladek/k8s-secret-manifest/cmd/diff.go:131.2,131.18 1 0
github.com/pbsladek/k8s-secret-manifest/cmd/diff.go:131.18,133.3 1 0
github.com/pbsladek/k8s-secret-manifest/cmd/diff.go:134.2,134.12 1 0
github.com/pbsladek/k8s-secret-manifest/cmd/from_env.go:38.13,57.2 10 1
github.com/pbsladek/k8s-secret-manifest/cmd/from_env.go:59.55,71.16 11 0
github.com/pbsladek/k8s-secret-manifest/cmd/from_env.go:71.16,73.3 1 0
github.com/pbsladek/k8s-secret-manifest/cmd/from_env.go:75.2,77.22 2 0
github.com/pbsladek/k8s-secret-manifest/cmd/from_env.go:77.22,79.3 1 0
github.com/pbsladek/k8s-secret-manifest/cmd/from_env.go:81.2,81.21 1 0
github.com/pbsladek/k8s-secret-manifest/cmd/from_env.go:81.21,83.17 2 0
github.com/pbsladek/k8s-secret-manifest/cmd/from_env.go:83.17,85.4 1 0
github.com/pbsladek/k8s-secret-manifest/cmd/from_env.go:86.3,86.18 1 0
github.com/pbsladek/k8s-secret-manifest/cmd/from_env.go:89.2,89.26 1 0
github.com/pbsladek/k8s-secret-manifest/cmd/from_env.go:89.26,91.17 2 0
github.com/pbsladek/k8s-secret-manifest/cmd/from_env.go:91.17,93.4 1 0
github.com/pbsladek/k8s-secret-manifest/cmd/from_env.go:94.3,94.23 1 0
github.com/pbsladek/k8s-secret-manifest/cmd/from_env.go:97.2,97.15 1 0
github.com/pbsladek/k8s-secret-manifest/cmd/from_env.go:97.15,100.3 2 0
github.com/pbsladek/k8s-secret-manifest/cmd/from_env.go:102.2,102.26 1 0
github.com/pbsladek/k8s-secret-manifest/cmd/from_env.go:102.26,104.3 1 0
github.com/pbsladek/k8s-secret-manifest/cmd/from_env.go:107.2,107.26 1 0
github.com/pbsladek/k8s-secret-manifest/cmd/from_env.go:107.26,109.17 2 0
github.com/pbsladek/k8s-secret-manifest/cmd/from_env.go:109.17,111.4 1 0
github.com/pbsladek/k8s-secret-manifest/cmd/from_env.go:112.3,112.34 1 0
github.com/pbsladek/k8s-secret-manifest/cmd/from_env.go:115.2,116.16 2 0
github.com/pbsladek/k8s-secret-manifest/cmd/from_env.go:116.16,118.3 1 0
github.com/pbsladek/k8s-secret-manifest/cmd/from_env.go:120.2,120.43 1 0
github.com/pbsladek/k8s-secret-manifest/cmd/from_env.go:126.59,128.16 2 1
github.com/pbsladek/k8s-secret-manifest/cmd/from_env.go:128.16,130.3 1 1
github.com/pbsladek/k8s-secret-manifest/cmd/from_env.go:131.2,137.21 5 1
github.com/pbsladek/k8s-secret-manifest/cmd/from_env.go:137.21,141.49 3 1
github.com/pbsladek/k8s-secret-manifest/cmd/from_env.go:141.49,142.12 1 1
github.com/pbsladek/k8s-secret-manifest/cmd/from_env.go:145.3,148.14 3 1
github.com/pbsladek/k8s-secret-manifest/cmd/from_env.go:148.14,150.4 1 1
github.com/pbsladek/k8s-secret-manifest/cmd/from_env.go:152.3,153.16 2 1
github.com/pbsladek/k8s-secret-manifest/cmd/from_env.go:153.16,155.4 1 0
github.com/pbsladek/k8s-secret-manifest/cmd/from_env.go:157.3,158.20 2 1
github.com/pbsladek/k8s-secret-manifest/cmd/from_env.go:161.2,161.30 1 1
github.com/pbsladek/k8s-secret-manifest/cmd/from_env.go:165.31,166.17 1 1
github.com/pbsladek/k8s-secret-manifest/cmd/from_env.go:166.17,167.83 1 1
github.com/pbsladek/k8s-secret-manifest/cmd/from_env.go:167.83,169.4 1 1
github.com/pbsladek/k8s-secret-manifest/cmd/from_env.go:171.2,171.10 1 1
github.com/pbsladek/k8s-secret-manifest/cmd/generate.go:48.13,96.2 19 1
github.com/pbsladek/k8s-secret-manifest/cmd/generate.go:98.56,122.22 21 0
github.com/pbsladek/k8s-secret-manifest/cmd/generate.go:122.22,124.3 1 0
github.com/pbsladek/k8s-secret-manifest/cmd/generate.go:126.2,126.21 1 0
github.com/pbsladek/k8s-secret-manifest/cmd/generate.go:126.21,128.17 2 0
github.com/pbsladek/k8s-secret-manifest/cmd/generate.go:128.17,130.4 1 0
github.com/pbsladek/k8s-secret-manifest/cmd/generate.go:131.3,131.18 1 0
github.com/pbsladek/k8s-secret-manifest/cmd/generate.go:134.2,134.26 1 0
github.com/pbsladek/k8s-secret-manifest/cmd/generate.go:134.26,136.17 2 0
github.com/pbsladek/k8s-secret-manifest/cmd/generate.go:136.17,138.4 1 0
github.com/pbsladek/k8s-secret-manifest/cmd/generate.go:139.3,139.23 1 0
github.com/pbsladek/k8s-secret-manifest/cmd/generate.go:142.2,142.15 1 0
github.com/pbsladek/k8s-secret-manifest/cmd/generate.go:142.15,145.3 2 0
github.com/pbsladek/k8s-secret-manifest/cmd/generate.go:148.2,148.26 1 0
github.com/pbsladek/k8s-secret-manifest/cmd/generate.go:148.26,150.17 2 0
github.com/pbsladek/k8s-secret-manifest/cmd/generate.go:150.17,152.4 1 0
github.com/pbsladek/k8s-secret-manifest/cmd/generate.go:153.3,153.34 1 0
github.com/pbsladek/k8s-secret-manifest/cmd/generate.go:157.2,157.51 1 0
github.com/pbsladek/k8s-secret-manifest/cmd/generate.go:157.51,159.3 1 0
github.com/pbsladek/k8s-secret-manifest/cmd/generate.go:162.2,162.35 1 0
github.com/pbsladek/k8s-secret-manifest/cmd/generate.go:162.35,163.36 1 0
github.com/pbsladek/k8s-secret-manifest/cmd/generate.go:163.36,165.4 1 0
github.com/pbsladek/k8s-secret-manifest/cmd/generate.go:166.3,166.66 1 0
github.com/pbsladek/k8s-secret-manifest/cmd/generate.go:166.66,168.4 1 0
github.com/pbsladek/k8s-secret-manifest/cmd/generate.go:172.2,172.72 1 0
github.com/pbsladek/k8s-secret-manifest/cmd/generate.go:172.72,173.73 1 0
github.com/pbsladek/k8s-secret-manifest/cmd/generate.go:173.73,175.4 1 0
github.com/pbsladek/k8s-secret-manifest/cmd/generate.go:176.3,176.119 1 0
github.com/pbsladek/k8s-secret-manifest/cmd/generate.go:176.119,178.4 1 0
github.com/pbsladek/k8s-secret-manifest/cmd/generate.go:182.2,182.65 1 0
github.com/pbsladek/k8s-secret-manifest/cmd/generate.go:182.65,183.43 1 0
github.com/pbsladek/k8s-secret-manifest/cmd/generate.go:183.43,185.4 1 0
github.com/pbsladek/k8s-secret-manifest/cmd/generate.go:186.3,187.17 2 0
github.com/pbsladek/k8s-secret-manifest/cmd/generate.go:187.17,189.4 1 0
github.com/pbsladek/k8s-secret-manifest/cmd/generate.go:190.3,192.49 3 0
github.com/pbsladek/k8s-secret-manifest/cmd/generate.go:195.2,196.16 2 0
github.com/pbsladek/k8s-secret-manifest/cmd/generate.go:196.16,198.3 1 0
github.com/pbsladek/k8s-secret-manifest/cmd/generate.go:200.2,200.43 1 0
github.com/pbsladek/k8s-secret-manifest/cmd/generate.go:204.63,205.30 1 0
github.com/pbsladek/k8s-secret-manifest/cmd/generate.go:205.30,207.17 2 0
github.com/pbsladek/k8s-secret-manifest/cmd/generate.go:207.17,209.4 1 0
github.com/pbsladek/k8s-secret-manifest/cmd/generate.go:210.3,211.17 2 0
github.com/pbsladek/k8s-secret-manifest/cmd/generate.go:211.17,213.4 1 0
github.com/pbsladek/k8s-secret-manifest/cmd/generate.go:214.3,214.20 1 0
github.com/pbsladek/k8s-secret-manifest/cmd/generate.go:214.20,216.4 1 0
github.com/pbsladek/k8s-secret-manifest/cmd/generate.go:217.3,217.19 1 0
github.com/pbsladek/k8s-secret-manifest/cmd/generate.go:219.2,219.12 1 0
github.com/pbsladek/k8s-secret-manifest/cmd/generate.go:224.79,226.16 2 0
github.com/pbsladek/k8s-secret-manifest/cmd/generate.go:226.16,228.3 1 0
github.com/pbsladek/k8s-secret-manifest/cmd/generate.go:229.2,230.16 2 0
github.com/pbsladek/k8s-secret-manifest/cmd/generate.go:230.16,232.3 1 0
github.com/pbsladek/k8s-secret-manifest/cmd/generate.go:234.2,234.24 1 0
github.com/pbsladek/k8s-secret-manifest/cmd/generate.go:234.24,236.3 1 0
github.com/pbsladek/k8s-secret-manifest/cmd/generate.go:237.2,239.12 3 0
github.com/pbsladek/k8s-secret-manifest/cmd/generate.go:255.106,268.16 4 0
github.com/pbsladek/k8s-secret-manifest/cmd/generate.go:268.16,270.3 1 0
github.com/pbsladek/k8s-secret-manifest/cmd/generate.go:272.2,272.24 1 0
github.com/pbsladek/k8s-secret-manifest/cmd/generate.go:272.24,274.3 1 0
github.com/pbsladek/k8s-secret-manifest/cmd/generate.go:275.2,276.12 2 0
github.com/pbsladek/k8s-secret-manifest/cmd/generate.go:281.65,285.26 3 1
github.com/pbsladek/k8s-secret-manifest/cmd/generate.go:285.26,287.14 2 1
github.com/pbsladek/k8s-secret-manifest/cmd/generate.go:287.14,289.4 1 1
github.com/pbsladek/k8s-secret-manifest/cmd/generate.go:290.3,292.16 3 1
github.com/pbsladek/k8s-secret-manifest/cmd/generate.go:292.16,294.4 1 1
github.com/pbsladek/k8s-secret-manifest/cmd/generate.go:295.3,295.16 1 1
github.com/pbsladek/k8s-secret-manifest/cmd/generate.go:295.16,297.4 1 1
github.com/pbsladek/k8s-secret-manifest/cmd/generate.go:298.3,299.69 2 1
github.com/pbsladek/k8s-secret-manifest/cmd/generate.go:301.2,301.21 1 1
github.com/pbsladek/k8s-secret-manifest/cmd/generate.go:305.85,307.26 2 1
github.com/pbsladek/k8s-secret-manifest/cmd/generate.go:307.26,309.17 2 1
github.com/pbsladek/k8s-secret-manifest/cmd/generate.go:309.17,311.4 1 1
github.com/pbsladek/k8s-secret-manifest/cmd/generate.go:312.3,312.11 1 1
github.com/pbsladek/k8s-secret-manifest/cmd/generate.go:314.2,314.15 1 1
github.com/pbsladek/k8s-secret-manifest/cmd/remove_user.go:36.13,55.2 10 1
github.com/pbsladek/k8s-secret-manifest/cmd/remove_user.go:57.59,66.30 8 0
github.com/pbsladek/k8s-secret-manifest/cmd/remove_user.go:66.30,68.3 1 0
github.com/pbsladek/k8s-secret-manifest/cmd/remove_user.go:69.2,69.30 1 0
github.com/pbsladek/k8s-secret-manifest/cmd/remove_user.go:69.30,71.3 1 0
github.com/pbsladek/k8s-secret-manifest/cmd/remove_user.go:73.2,73.22 1 0
github.com/pbsladek/k8s-secret-manifest/cmd/remove_user.go:73.22,75.3 1 0
github.com/pbsladek/k8s-secret-manifest/cmd/remove_user.go:77.2,78.16 2 0
github.com/pbsladek/k8s-secret-manifest/cmd/remove_user.go:78.16,80.3 1 0
github.com/pbsladek/k8s-secret-manifest/cmd/remove_user.go:82.2,83.16 2 0
github.com/pbsladek/k8s-secret-manifest/cmd/remove_user.go:83.16,85.3 1 0
github.com/pbsladek/k8s-secret-manifest/cmd/remove_user.go:87.2,88.15 2 0
github.com/pbsladek/k8s-secret-manifest/cmd/remove_user.go:88.15,91.3 2 0
github.com/pbsladek/k8s-secret-manifest/cmd/remove_user.go:91.8,94.3 2 0
github.com/pbsladek/k8s-secret-manifest/cmd/remove_user.go:95.2,95.16 1 0
github.com/pbsladek/k8s-secret-manifest/cmd/remove_user.go:95.16,97.3 1 0
github.com/pbsladek/k8s-secret-manifest/cmd/remove_user.go:99.2,101.53 2 0
github.com/pbsladek/k8s-secret-manifest/cmd/remove_user.go:101.53,103.3 1 0
github.com/pbsladek/k8s-secret-manifest/cmd/remove_user.go:105.2,106.12 2 0
github.com/pbsladek/k8s-secret-manifest/cmd/root.go:20.22,22.2 1 0
github.com/pbsladek/k8s-secret-manifest/cmd/root.go:24.13,37.2 11 1
github.com/pbsladek/k8s-secret-manifest/cmd/root.go:40.50,41.16 1 0
github.com/pbsladek/k8s-secret-manifest/cmd/root.go:41.16,44.3 2 0
github.com/pbsladek/k8s-secret-manifest/cmd/root.go:45.2,45.39 1 0
github.com/pbsladek/k8s-secret-manifest/cmd/root.go:49.55,51.13 2 1
github.com/pbsladek/k8s-secret-manifest/cmd/root.go:51.13,53.3 1 1
github.com/pbsladek/k8s-secret-manifest/cmd/root.go:54.2,54.34 1 1
github.com/pbsladek/k8s-secret-manifest/cmd/seal.go:36.13,50.2 7 1
github.com/pbsladek/k8s-secret-manifest/cmd/seal.go:52.52,62.16 9 0
github.com/pbsladek/k8s-secret-manifest/cmd/seal.go:62.16,64.3 1 0
github.com/pbsladek/k8s-secret-manifest/cmd/seal.go:66.2,73.16 2 0
github.com/pbsladek/k8s-secret-manifest/cmd/seal.go:73.16,75.3 1 0
github.com/pbsladek/k8s-secret-manifest/cmd/seal.go:77.2,77.40 1 0
github.com/pbsladek/k8s-secret-manifest/cmd/seal.go:89.70,95.22 2 0
github.com/pbsladek/k8s-secret-manifest/cmd/seal.go:95.22,97.3 1 0
github.com/pbsladek/k8s-secret-manifest/cmd/seal.go:98.2,98.25 1 0
github.com/pbsladek/k8s-secret-manifest/cmd/seal.go:98.25,100.3 1 0
github.com/pbsladek/k8s-secret-manifest/cmd/seal.go:102.2,109.16 6 0
github.com/pbsladek/k8s-secret-manifest/cmd/seal.go:109.16,111.75 2 0
github.com/pbsladek/k8s-secret-manifest/cmd/seal.go:111.75,117.4 1 0
github.com/pbsladek/k8s-secret-manifest/cmd/seal.go:118.3,119.16 2 0
github.com/pbsladek/k8s-secret-manifest/cmd/seal.go:119.16,121.4 1 0
github.com/pbsladek/k8s-secret-manifest/cmd/seal.go:122.3,122.53 1 0
github.com/pbsladek/k8s-secret-manifest/cmd/seal.go:125.2,125.19 1 0
github.com/pbsladek/k8s-secret-manifest/cmd/seal.go:125.19,127.3 1 0
github.com/pbsladek/k8s-secret-manifest/cmd/seal.go:129.2,130.17 2 0
github.com/pbsladek/k8s-secret-manifest/cmd/show.go:35.13,42.2 5 1
github.com/pbsladek/k8s-secret-manifest/cmd/show.go:44.52,48.16 3 0
github.com/pbsladek/k8s-secret-manifest/cmd/show.go:48.16,50.3 1 0
github.com/pbsladek/k8s-secret-manifest/cmd/show.go:52.2,53.24 2 0
github.com/pbsladek/k8s-secret-manifest/cmd/show.go:53.24,55.3 1 0
github.com/pbsladek/k8s-secret-manifest/cmd/show.go:56.2,60.25 3 0
github.com/pbsladek/k8s-secret-manifest/cmd/show.go:60.25,62.3 1 0
github.com/pbsladek/k8s-secret-manifest/cmd/show.go:63.2,63.12 1 0
github.com/pbsladek/k8s-secret-manifest/cmd/show.go:66.52,71.16 4 0
github.com/pbsladek/k8s-secret-manifest/cmd/show.go:71.16,73.3 1 0
github.com/pbsladek/k8s-secret-manifest/cmd/show.go:76.2,76.19 1 0
github.com/pbsladek/k8s-secret-manifest/cmd/show.go:76.19,78.17 2 0
github.com/pbsladek/k8s-secret-manifest/cmd/show.go:78.17,80.4 1 0
github.com/pbsladek/k8s-secret-manifest/cmd/show.go:81.3,82.13 2 0
github.com/pbsladek/k8s-secret-manifest/cmd/show.go:86.2,89.40 3 0
github.com/pbsladek/k8s-secret-manifest/cmd/show.go:89.40,91.3 1 0
github.com/pbsladek/k8s-secret-manifest/cmd/show.go:93.2,93.23 1 0
github.com/pbsladek/k8s-secret-manifest/cmd/show.go:93.23,95.48 2 0
github.com/pbsladek/k8s-secret-manifest/cmd/show.go:95.48,97.4 1 0
github.com/pbsladek/k8s-secret-manifest/cmd/show.go:100.2,100.28 1 0
github.com/pbsladek/k8s-secret-manifest/cmd/show.go:100.28,102.53 2 0
github.com/pbsladek/k8s-secret-manifest/cmd/show.go:102.53,104.4 1 0
github.com/pbsladek/k8s-secret-manifest/cmd/show.go:107.2,108.24 2 0
github.com/pbsladek/k8s-secret-manifest/cmd/show.go:108.24,110.3 1 0
github.com/pbsladek/k8s-secret-manifest/cmd/show.go:111.2,114.25 3 0
github.com/pbsladek/k8s-secret-manifest/cmd/show.go:114.25,116.17 2 0
github.com/pbsladek/k8s-secret-manifest/cmd/show.go:116.17,118.4 1 0
github.com/pbsladek/k8s-secret-manifest/cmd/show.go:119.3,119.37 1 0
github.com/pbsladek/k8s-secret-manifest/cmd/show.go:121.2,121.12 1 0
github.com/pbsladek/k8s-secret-manifest/cmd/show.go:124.53,126.19 2 0
github.com/pbsladek/k8s-secret-manifest/cmd/show.go:126.19,128.3 1 0
github.com/pbsladek/k8s-secret-manifest/cmd/show.go:129.2,130.13 2 0
github.com/pbsladek/k8s-secret-manifest/cmd/update.go:30.13,48.2 8 1
github.com/pbsladek/k8s-secret-manifest/cmd/update.go:50.54,59.22 8 0
github.com/pbsladek/k8s-secret-manifest/cmd/update.go:59.22,61.3 1 0
github.com/pbsladek/k8s-secret-manifest/cmd/update.go:63.2,64.16 2 0
github.com/pbsladek/k8s-secret-manifest/cmd/update.go:64.16,66.3 1 0
github.com/pbsladek/k8s-secret-manifest/cmd/update.go:68.2,68.26 1 0
github.com/pbsladek/k8s-secret-manifest/cmd/update.go:68.26,70.17 2 0
github.com/pbsladek/k8s-secret-manifest/cmd/update.go:70.17,72.4 1 0
github.com/pbsladek/k8s-secret-manifest/cmd/update.go:73.3,73.34 1 0
github.com/pbsladek/k8s-secret-manifest/cmd/update.go:76.2,76.51 1 0
github.com/pbsladek/k8s-secret-manifest/cmd/update.go:76.51,78.3 1 0
github.com/pbsladek/k8s-secret-manifest/cmd/update.go:80.2,80.33 1 0
github.com/pbsladek/k8s-secret-manifest/cmd/update.go:80.33,81.32 1 0
github.com/pbsladek/k8s-secret-manifest/cmd/update.go:81.32,83.4 1 0
github.com/pbsladek/k8s-secret-manifest/cmd/update.go:84.3,84.22 1 0
github.com/pbsladek/k8s-secret-manifest/cmd/update.go:87.2,87.21 1 0
github.com/pbsladek/k8s-secret-manifest/cmd/update.go:87.21,88.22 1 0
github.com/pbsladek/k8s-secret-manifest/cmd/update.go:88.22,90.4 1 0
github.com/pbsladek/k8s-secret-manifest/cmd/update.go:91.3,91.28 1 0
github.com/pbsladek/k8s-secret-manifest/cmd/update.go:91.28,93.18 2 0
github.com/pbsladek/k8s-secret-manifest/cmd/update.go:93.18,95.5 1 0
github.com/pbsladek/k8s-secret-manifest/cmd/update.go:96.4,96.19 1 0
github.com/pbsladek/k8s-secret-manifest/cmd/update.go:100.2,100.26 1 0
github.com/pbsladek/k8s-secret-manifest/cmd/update.go:100.26,101.27 1 0
github.com/pbsladek/k8s-secret-manifest/cmd/update.go:101.27,103.4 1 0
github.com/pbsladek/k8s-secret-manifest/cmd/update.go:104.3,104.33 1 0
github.com/pbsladek/k8s-secret-manifest/cmd/update.go:104.33,106.18 2 0
github.com/pbsladek/k8s-secret-manifest/cmd/update.go:106.18,108.5 1 0
github.com/pbsladek/k8s-secret-manifest/cmd/update.go:109.4,109.24 1 0
github.com/pbsladek/k8s-secret-manifest/cmd/update.go:113.2,113.53 1 0
github.com/pbsladek/k8s-secret-manifest/cmd/update.go:113.53,115.3 1 0
github.com/pbsladek/k8s-secret-manifest/cmd/update.go:117.2,118.12 2 0
